2021-04-02 16:29:25 Error: [MissingActionException] Action HomesController::index.() could not be found.
Exception Attributes: array (
  'controller' => 'HomesController',
  'action' => 'index.',
)
Request URL: /Homes/index.
Stack Trace:
#0 /var/www/heatMapCovid19/lib/Cake/Routing/Dispatcher.php(193): Controller->invokeAction()
#1 /var/www/heatMapCovid19/lib/Cake/Routing/Dispatcher.php(167): Dispatcher->_invoke()
#2 /var/www/heatMapCovid19/app/webroot/index.php(117): Dispatcher->dispatch()
#3 {main}
2021-04-02 21:10:44 Error: [MissingActionException] Action HomesController::location() could not be found.
Exception Attributes: array (
  'controller' => 'HomesController',
  'action' => 'location',
)
Request URL: /Homes/location
Stack Trace:
#0 /var/www/heatMapCovid19/lib/Cake/Routing/Dispatcher.php(193): Controller->invokeAction()
#1 /var/www/heatMapCovid19/lib/Cake/Routing/Dispatcher.php(167): Dispatcher->_invoke()
#2 /var/www/heatMapCovid19/app/webroot/index.php(117): Dispatcher->dispatch()
#3 {main}
2021-04-02 21:15:25 Error: [MissingViewException] View file "Homes/city_name.ctp" is missing.
Exception Attributes: array (
  'file' => 'Homes/city_name.ctp',
)
Request URL: /Homes/cityName
Stack Trace:
#0 /var/www/heatMapCovid19/lib/Cake/View/View.php(470): View->_getViewFileName()
#1 /var/www/heatMapCovid19/lib/Cake/Controller/Controller.php(968): View->render()
#2 /var/www/heatMapCovid19/lib/Cake/Routing/Dispatcher.php(200): Controller->render()
#3 /var/www/heatMapCovid19/lib/Cake/Routing/Dispatcher.php(167): Dispatcher->_invoke()
#4 /var/www/heatMapCovid19/app/webroot/index.php(117): Dispatcher->dispatch()
#5 {main}
2021-04-02 21:15:35 Error: [MissingViewException] View file "Homes/cityname.ctp" is missing.
Exception Attributes: array (
  'file' => 'Homes/cityname.ctp',
)
Request URL: /Homes/cityname
Stack Trace:
#0 /var/www/heatMapCovid19/lib/Cake/View/View.php(470): View->_getViewFileName()
#1 /var/www/heatMapCovid19/lib/Cake/Controller/Controller.php(968): View->render()
#2 /var/www/heatMapCovid19/lib/Cake/Routing/Dispatcher.php(200): Controller->render()
#3 /var/www/heatMapCovid19/lib/Cake/Routing/Dispatcher.php(167): Dispatcher->_invoke()
#4 /var/www/heatMapCovid19/app/webroot/index.php(117): Dispatcher->dispatch()
#5 {main}
2021-04-02 21:15:58 Error: [MissingActionException] Action HomesController::cityname() could not be found.
Exception Attributes: array (
  'controller' => 'HomesController',
  'action' => 'cityname',
)
Request URL: /Homes/cityname
Stack Trace:
#0 /var/www/heatMapCovid19/lib/Cake/Routing/Dispatcher.php(193): Controller->invokeAction()
#1 /var/www/heatMapCovid19/lib/Cake/Routing/Dispatcher.php(167): Dispatcher->_invoke()
#2 /var/www/heatMapCovid19/app/webroot/index.php(117): Dispatcher->dispatch()
#3 {main}
2021-04-02 21:21:13 Error: [MissingViewException] View file "Homes/city_name.ctp" is missing.
Exception Attributes: array (
  'file' => 'Homes/city_name.ctp',
)
Request URL: /Homes/cityName
Stack Trace:
#0 /var/www/heatMapCovid19/lib/Cake/View/View.php(470): View->_getViewFileName()
#1 /var/www/heatMapCovid19/lib/Cake/Controller/Controller.php(968): View->render()
#2 /var/www/heatMapCovid19/lib/Cake/Routing/Dispatcher.php(200): Controller->render()
#3 /var/www/heatMapCovid19/lib/Cake/Routing/Dispatcher.php(167): Dispatcher->_invoke()
#4 /var/www/heatMapCovid19/app/webroot/index.php(117): Dispatcher->dispatch()
#5 {main}
2021-04-02 21:21:28 Error: [MissingViewException] View file "Homes/city_name.ctp" is missing.
Exception Attributes: array (
  'file' => 'Homes/city_name.ctp',
)
Request URL: /Homes/cityName
Stack Trace:
#0 /var/www/heatMapCovid19/lib/Cake/View/View.php(470): View->_getViewFileName()
#1 /var/www/heatMapCovid19/lib/Cake/Controller/Controller.php(968): View->render()
#2 /var/www/heatMapCovid19/lib/Cake/Routing/Dispatcher.php(200): Controller->render()
#3 /var/www/heatMapCovid19/lib/Cake/Routing/Dispatcher.php(167): Dispatcher->_invoke()
#4 /var/www/heatMapCovid19/app/webroot/index.php(117): Dispatcher->dispatch()
#5 {main}
